2023-05-23 11:06:07,265 : INFO : test_cpo_overview_screen : daan.swinnen@optimile.eu
2023-05-23 11:06:07,266 : INFO : test_cpo_overview_screen : Attempting login.
2023-05-23 11:06:09,390 : INFO : test_cpo_overview_screen : Succesfully logged in.
2023-05-23 11:06:09,390 : INFO : test_cpo_overview_screen : Navigating to CPO overview page.
2023-05-23 13:05:51,909 : INFO : test_create_user_contract : daan.swinnen@optimile.eu
2023-05-23 13:05:51,909 : INFO : test_create_user_contract : Attempting login.
2023-05-23 13:05:55,371 : INFO : test_create_user_contract : Succesfully logged in.
2023-05-23 16:19:45,627 : INFO : test_cpo_customers_screen : daan.swinnen@optimile.eu
2023-05-23 16:19:45,627 : INFO : test_cpo_customers_screen : Attempting login.
2023-05-23 16:19:47,701 : INFO : test_cpo_customers_screen : Succesfully logged in.
2023-05-23 16:19:47,701 : INFO : test_cpo_customers_screen : Navigating to CPO customers page.
2023-05-23 16:21:19,324 : INFO : test_cpo_customers_screen : daan.swinnen@optimile.eu
2023-05-23 16:21:19,324 : INFO : test_cpo_customers_screen : Attempting login.
2023-05-23 16:21:21,426 : INFO : test_cpo_customers_screen : Succesfully logged in.
2023-05-23 16:21:21,426 : INFO : test_cpo_customers_screen : Navigating to CPO customers page.
2023-05-23 16:21:21,815 : INFO : test_cpo_customers_screen : Succesfully verified customers page.
2023-05-23 16:22:01,820 : INFO : test_cpo_customers_screen : daan.swinnen@optimile.eu
2023-05-23 16:22:01,820 : INFO : test_cpo_customers_screen : Attempting login.
2023-05-23 16:22:02,471 : INFO : test_cpo_customers_screen : Succesfully logged in.
2023-05-23 16:22:02,471 : INFO : test_cpo_customers_screen : Navigating to CPO customers page.
2023-05-23 16:22:10,692 : INFO : test_cpo_customers_screen : daan.swinnen@optimile.eu
2023-05-23 16:22:10,692 : INFO : test_cpo_customers_screen : Attempting login.
2023-05-23 16:22:12,685 : INFO : test_cpo_customers_screen : Succesfully logged in.
2023-05-23 16:22:12,685 : INFO : test_cpo_customers_screen : Navigating to CPO customers page.
2023-05-23 16:22:13,306 : INFO : test_cpo_customers_screen : Succesfully verified customers page.
2023-05-23 16:24:37,678 : INFO : test_cpo_charging_locations_screen : daan.swinnen@optimile.eu
2023-05-23 16:24:37,679 : INFO : test_cpo_charging_locations_screen : Attempting login.
2023-05-23 16:24:39,706 : INFO : test_cpo_charging_locations_screen : Succesfully logged in.
2023-05-23 16:24:39,706 : INFO : test_cpo_charging_locations_screen : Navigating to charging locations page.
2023-05-23 16:25:04,106 : INFO : test_cpo_charging_locations_screen : daan.swinnen@optimile.eu
2023-05-23 16:25:04,106 : INFO : test_cpo_charging_locations_screen : Attempting login.
2023-05-23 16:25:06,221 : INFO : test_cpo_charging_locations_screen : Succesfully logged in.
2023-05-23 16:25:06,221 : INFO : test_cpo_charging_locations_screen : Navigating to charging locations page.
2023-05-23 16:25:06,597 : INFO : test_cpo_charging_locations_screen : Succesfully verified locations page.
2023-05-23 16:25:12,889 : INFO : test_cpo_tokens_screen : daan.swinnen@optimile.eu
2023-05-23 16:25:12,890 : INFO : test_cpo_tokens_screen : Attempting login.
2023-05-23 16:25:15,040 : INFO : test_cpo_tokens_screen : Succesfully logged in.
2023-05-23 16:25:15,040 : INFO : test_cpo_tokens_screen : Navigating to tokens page.
2023-05-23 16:25:15,415 : INFO : test_cpo_tokens_screen : Succesfully verified tokens page.
2023-05-23 16:25:28,638 : INFO : test_cpo_simcards_screen : daan.swinnen@optimile.eu
2023-05-23 16:25:28,638 : INFO : test_cpo_simcards_screen : Attempting login.
2023-05-23 16:25:30,769 : INFO : test_cpo_simcards_screen : Succesfully logged in.
2023-05-23 16:25:30,769 : INFO : test_cpo_simcards_screen : Navigating to simcards page.
2023-05-23 16:25:31,300 : INFO : test_cpo_simcards_screen : Succesfully verified simcards page.
2023-05-23 16:25:44,575 : INFO : test_cpo_contracts_screen : daan.swinnen@optimile.eu
2023-05-23 16:25:44,575 : INFO : test_cpo_contracts_screen : Attempting login.
2023-05-23 16:25:47,274 : INFO : test_cpo_contracts_screen : Succesfully logged in.
2023-05-23 16:25:47,274 : INFO : test_cpo_contracts_screen : Navigating to contracts page.
2023-05-23 16:25:47,706 : INFO : test_cpo_contracts_screen : Succesfully verified contracts page.
2023-05-23 16:25:53,118 : INFO : test_cpo_roaming_screen : daan.swinnen@optimile.eu
2023-05-23 16:25:53,118 : INFO : test_cpo_roaming_screen : Attempting login.
2023-05-23 16:25:55,157 : INFO : test_cpo_roaming_screen : Succesfully logged in.
2023-05-23 16:25:55,158 : INFO : test_cpo_roaming_screen : Navigating to roaming page.
2023-05-23 16:25:55,679 : INFO : test_cpo_roaming_screen : Succesfully verified roaming page.
2023-05-23 16:27:51,908 : INFO : test_cpo_finance_screen : daan.swinnen@optimile.eu
2023-05-23 16:27:51,908 : INFO : test_cpo_finance_screen : Attempting login.
2023-05-23 16:27:52,106 : INFO : test_cpo_finance_screen : daan.swinnen@optimile.eu
2023-05-23 16:27:52,107 : INFO : test_cpo_finance_screen : Attempting login.
2023-05-23 16:27:54,040 : INFO : test_cpo_finance_screen : Succesfully logged in.
2023-05-23 16:27:54,040 : INFO : test_cpo_finance_screen : Navigating to finance page.
2023-05-23 16:27:54,187 : INFO : test_cpo_finance_screen : Succesfully logged in.
2023-05-23 16:27:54,187 : INFO : test_cpo_finance_screen : Navigating to finance page.
2023-05-23 16:27:54,498 : INFO : test_cpo_finance_screen : Succesfully verified finance page.
2023-05-23 16:27:54,696 : INFO : test_cpo_finance_screen : Succesfully verified finance page.
2023-05-23 16:28:42,705 : INFO : test_cpo_reports_screen : daan.swinnen@optimile.eu
2023-05-23 16:28:42,706 : INFO : test_cpo_reports_screen : Attempting login.
2023-05-23 16:28:45,098 : INFO : test_cpo_reports_screen : Succesfully logged in.
2023-05-23 16:28:45,098 : INFO : test_cpo_reports_screen : Navigating to cpo reports page.
2023-05-23 16:28:45,664 : INFO : test_cpo_reports_screen : Succesfully verified reports page.
2023-05-23 16:29:10,282 : INFO : test_cpo_splitbilling_screen : daan.swinnen@optimile.eu
2023-05-23 16:29:10,282 : INFO : test_cpo_splitbilling_screen : Attempting login.
2023-05-23 16:29:12,477 : INFO : test_cpo_splitbilling_screen : Succesfully logged in.
2023-05-23 16:29:12,477 : INFO : test_cpo_splitbilling_screen : Navigating to splitbilling page.
2023-05-23 16:29:13,390 : INFO : test_cpo_splitbilling_screen : Succesfully verified split billing page.
2023-05-23 16:39:42,790 : INFO : test_msp_customers_screen : daan.swinnen@optimile.eu
2023-05-23 16:39:42,791 : INFO : test_msp_customers_screen : Attempting login.
2023-05-23 16:39:45,047 : INFO : test_msp_customers_screen : Succesfully logged in.
2023-05-23 16:39:45,047 : INFO : test_msp_customers_screen : Navigating to msp customers page.
2023-05-23 16:39:45,299 : INFO : test_msp_customers_screen : Succesfully verified msp customers page.
2023-05-23 16:41:22,526 : INFO : test_msp_operators_screen : daan.swinnen@optimile.eu
2023-05-23 16:41:22,527 : INFO : test_msp_operators_screen : Attempting login.
2023-05-23 16:41:25,194 : INFO : test_msp_operators_screen : Succesfully logged in.
2023-05-23 16:41:25,195 : INFO : test_msp_operators_screen : Navigating to msp operators page.
2023-05-23 16:42:05,194 : INFO : test_msp_operators_screen : daan.swinnen@optimile.eu
2023-05-23 16:42:05,194 : INFO : test_msp_operators_screen : Attempting login.
2023-05-23 16:42:07,327 : INFO : test_msp_operators_screen : Succesfully logged in.
2023-05-23 16:42:07,327 : INFO : test_msp_operators_screen : Navigating to msp operators page.
2023-05-23 16:42:07,800 : INFO : test_msp_operators_screen : Succesfully verified operators page.
2023-05-23 16:42:15,834 : INFO : test_msp_invoices_screen : daan.swinnen@optimile.eu
2023-05-23 16:42:15,834 : INFO : test_msp_invoices_screen : Attempting login.
2023-05-23 16:42:18,776 : INFO : test_msp_invoices_screen : Succesfully logged in.
2023-05-23 16:42:18,776 : INFO : test_msp_invoices_screen : Navigating to msp invoices page.
2023-05-23 16:42:19,222 : INFO : test_msp_invoices_screen : Succesfully verified invoices page.
2023-05-23 16:43:38,311 : INFO : test_create_user : daan.swinnen+splitbilling4@optimile.eu
2023-05-23 16:43:38,311 : INFO : test_create_user : Attempting login.
2023-05-23 16:43:40,451 : INFO : test_create_user : Succesfully logged in.
2023-05-23 16:43:40,452 : INFO : test_create_user : Navigating to users page.
2023-05-23 16:43:40,957 : INFO : test_create_user : Attempting to create new user.
2023-05-23 16:43:41,283 : INFO : test_create_user : Creating random emailadres.
2023-05-23 16:48:08,367 : INFO : test_create_user : daan.swinnen+splitbilling4@optimile.eu
2023-05-23 16:48:08,367 : INFO : test_create_user : Attempting login.
2023-05-23 16:48:10,883 : INFO : test_create_user : Succesfully logged in.
2023-05-23 16:48:10,883 : INFO : test_create_user : Navigating to users page.
2023-05-23 16:48:11,474 : INFO : test_create_user : Attempting to create new user.
2023-05-23 16:48:11,752 : INFO : test_create_user : Creating random emailadres.
2023-05-23 16:48:11,867 : INFO : test_create_user : Attempting to save new user.
2023-05-23 16:48:13,603 : INFO : test_create_user : Succesfully created new user.
2023-05-23 16:48:21,516 : INFO : test_create_user_contract : daan.swinnen@optimile.eu
2023-05-23 16:48:21,516 : INFO : test_create_user_contract : Attempting login.
2023-05-23 16:48:23,985 : INFO : test_create_user_contract : Succesfully logged in.
2023-05-23 16:48:23,986 : INFO : test_create_user_contract : Navigating to msp customers page.
2023-05-23 16:48:24,185 : INFO : test_create_user_contract : Searching for 'Automated Test Company'.
2023-05-23 16:48:24,252 : INFO : test_create_user_contract : Open 'Automated Test Company'.
2023-05-23 16:48:24,518 : INFO : test_create_user_contract : Opening mail tab to gather most recent new user.
2023-05-23 16:48:24,796 : INFO : test_create_user_contract : Attempting to create new contract.
2023-05-23 16:48:25,298 : INFO : test_create_user_contract : Selecting contract.
2023-05-23 16:48:25,387 : INFO : test_create_user_contract : Selecting user.
2023-05-23 16:49:51,723 : INFO : test_create_user_contract : daan.swinnen@optimile.eu
2023-05-23 16:49:51,723 : INFO : test_create_user_contract : Attempting login.
2023-05-23 16:49:53,964 : INFO : test_create_user_contract : Succesfully logged in.
2023-05-23 16:49:53,964 : INFO : test_create_user_contract : Navigating to msp customers page.
2023-05-23 16:49:54,329 : INFO : test_create_user_contract : Searching for 'Automated Test Company'.
2023-05-23 16:49:54,399 : INFO : test_create_user_contract : Open 'Automated Test Company'.
2023-05-23 16:49:54,698 : INFO : test_create_user_contract : Opening mail tab to gather most recent new user.
2023-05-23 16:49:54,956 : INFO : test_create_user_contract : Attempting to create new contract.
2023-05-23 16:49:55,389 : INFO : test_create_user_contract : Selecting contract.
2023-05-23 16:49:55,492 : INFO : test_create_user_contract : Selecting user.
2023-05-23 16:50:23,435 : INFO : test_assign_user_token : daan.swinnen@optimile.eu
2023-05-23 16:50:23,436 : INFO : test_assign_user_token : Attempting login.
2023-05-23 16:50:25,848 : INFO : test_assign_user_token : Succesfully logged in.
2023-05-23 16:50:25,848 : INFO : test_assign_user_token : Navigating towards msp customers page.
2023-05-23 16:50:26,026 : INFO : test_assign_user_token : Search for 'Automated Test Company'.
2023-05-23 16:50:26,095 : INFO : test_assign_user_token : Opening customer.
2023-05-23 16:50:26,302 : INFO : test_assign_user_token : Attempting to assign token to user.
2023-05-23 16:50:28,925 : INFO : test_assign_user_token : Succesfully assigned token to user.
2023-05-24 10:18:22,000 : INFO : test_add_token_to_whitelist : daan.swinnen+splitbilling4@optimile.eu
2023-05-24 10:18:22,000 : INFO : test_add_token_to_whitelist : Attempting login.
2023-05-24 10:18:24,310 : INFO : test_add_token_to_whitelist : Succesfully logged in.
2023-05-24 10:18:24,311 : INFO : test_add_token_to_whitelist : Navigating to whitelist page.
2023-05-24 10:18:24,726 : INFO : test_add_token_to_whitelist : Attempting to add tokens to whitelist.
2023-05-24 10:18:26,435 : INFO : test_add_token_to_whitelist : Succesfully added tokens to whitelist.
2023-05-24 10:22:07,479 : INFO : test_splitbilling_session__platform_verification : daan.swinnen@optimile.eu
2023-05-24 10:22:07,480 : INFO : test_splitbilling_session__platform_verification : Attempting login.
2023-05-24 10:22:09,793 : INFO : test_splitbilling_session__platform_verification : Succesfully logged in.
2023-05-24 10:22:09,793 : INFO : test_splitbilling_session__platform_verification : Navigating to CPO customers screen.
2023-05-24 10:22:10,139 : INFO : test_splitbilling_session__platform_verification : Searching for 'Autotest Splitbilling'.
2023-05-24 10:22:10,371 : INFO : test_splitbilling_session__platform_verification : Opening user.
2023-05-24 10:22:10,719 : INFO : test_splitbilling_session__platform_verification : Opening sessions-tab
2023-05-24 10:22:11,052 : INFO : test_splitbilling_session__platform_verification : Succesfully verified the session as 'Split Billing'.
2023-05-24 10:22:22,933 : INFO : test_whitelist_session__platform_verification : daan.swinnen@optimile.eu
2023-05-24 10:22:22,933 : INFO : test_whitelist_session__platform_verification : Attempting login.
2023-05-24 10:22:25,224 : INFO : test_whitelist_session__platform_verification : Succesfully logged in.
2023-05-24 10:22:25,225 : INFO : test_whitelist_session__platform_verification : Navigating to cpo customers page.
2023-05-24 10:22:25,580 : INFO : test_whitelist_session__platform_verification : Searching for 'Carrefour'.
2023-05-24 10:22:25,773 : INFO : test_whitelist_session__platform_verification : Opening user.
2023-05-24 10:22:26,067 : INFO : test_whitelist_session__platform_verification : Opening sessions-tab.
2023-05-24 10:28:17,574 : INFO : test_create_user : daan.swinnen+splitbilling4@optimile.eu
2023-05-24 10:28:17,574 : INFO : test_create_user : Attempting login.
2023-05-24 10:28:19,866 : INFO : test_create_user : Succesfully logged in.
2023-05-24 10:28:19,867 : INFO : test_create_user : Navigating to users page.
2023-05-24 10:28:20,373 : INFO : test_create_user : Attempting to create new user.
2023-05-24 10:28:20,659 : INFO : test_create_user : Creating random emailadres.
2023-05-24 10:28:20,767 : INFO : test_create_user : Attempting to save new user.
2023-05-24 10:28:22,530 : INFO : test_create_user : Succesfully created new user.
2023-05-24 10:29:55,783 : INFO : test_whitelist_session : daan.swinnen@optimile.eu
2023-05-24 10:29:55,783 : INFO : test_whitelist_session : TestDevice89
2023-05-24 10:29:55,783 : INFO : test_whitelist_session : Attempting to connect to simulator.
2023-05-24 10:29:56,135 : INFO : test_whitelist_session : Connected to simulator.
2023-05-24 10:29:57,136 : INFO : test_whitelist_session : Requesting 'start transaction'-screen.
2023-05-24 10:29:57,249 : INFO : test_whitelist_session : Entering connectorID.
2023-05-24 10:29:57,301 : INFO : test_whitelist_session : Sending token RFID.
2023-05-24 10:29:57,393 : INFO : test_whitelist_session : Attempting to start transaction.
2023-05-24 10:30:07,445 : INFO : test_whitelist_session : Getting transaction ID.
2023-05-24 10:30:07,497 : INFO : test_whitelist_session : Requesting 'stop transaction'-screen.
2023-05-24 10:30:07,584 : INFO : test_whitelist_session : Sending token RFID.
2023-05-24 10:30:07,631 : INFO : test_whitelist_session : Simulating meter end value.
2023-05-24 10:30:07,680 : INFO : test_whitelist_session : Sending transaction ID.
2023-05-24 10:30:07,728 : INFO : test_whitelist_session : Sending timestamp.
2023-05-24 10:30:07,844 : INFO : test_whitelist_session : Selecting transaction stop reason.
2023-05-24 10:30:07,951 : INFO : test_whitelist_session : Stopping transaction.
2023-05-24 10:43:32,949 : INFO : test_whitelist_session__platform_verification : daan.swinnen@optimile.eu
2023-05-24 10:43:32,949 : INFO : test_whitelist_session__platform_verification : Attempting login.
2023-05-24 10:43:35,108 : INFO : test_whitelist_session__platform_verification : Succesfully logged in.
2023-05-24 10:43:35,108 : INFO : test_whitelist_session__platform_verification : Navigating to cpo customers page.
2023-05-24 10:43:35,469 : INFO : test_whitelist_session__platform_verification : Searching for 'Carrefour'.
2023-05-24 10:43:35,700 : INFO : test_whitelist_session__platform_verification : Opening user.
2023-05-24 10:43:35,966 : INFO : test_whitelist_session__platform_verification : Opening sessions-tab.
2023-05-24 10:43:36,244 : INFO : test_whitelist_session__platform_verification : Succesfully verified session status as 'whitelist'.
2023-06-01 16:32:23,228 : INFO : test_pages_account : daan.swinnen+autotest.admin@optimile.eu
2023-06-01 16:32:23,229 : INFO : test_pages_account : Attempting Login.
2023-06-01 16:32:24,982 : INFO : test_pages_account : Succesfully logged in.
2023-06-01 16:32:24,982 : INFO : test_pages_account : Navigating to account-pages.
2023-06-01 16:33:51,267 : INFO : test_pages_profiles : daan.swinnen+autotest.admin@optimile.eu
2023-06-01 16:33:51,267 : INFO : test_pages_profiles : Attempting Login.
2023-06-01 16:33:53,067 : INFO : test_pages_profiles : Succesfully logged in.
2023-06-01 16:33:53,067 : INFO : test_pages_profiles : Navigating to profiles-pages.
2023-06-01 16:34:13,537 : INFO : test_pages_import_export : daan.swinnen+autotest.admin@optimile.eu
2023-06-01 16:34:13,538 : INFO : test_pages_import_export : Attempting Login.
2023-06-01 16:34:15,865 : INFO : test_pages_import_export : Succesfully logged in.
2023-06-01 16:34:15,866 : INFO : test_pages_import_export : Navigating to import-pages.
2023-06-01 16:34:34,569 : INFO : test_pages_mobility : daan.swinnen+autotest.admin@optimile.eu
2023-06-01 16:34:34,569 : INFO : test_pages_mobility : Attempting Login.
2023-06-01 16:34:36,365 : INFO : test_pages_mobility : Succesfully logged in.
2023-06-01 16:34:36,365 : INFO : test_pages_mobility : Navigating to mobility-pages.
2023-06-01 16:35:10,466 : INFO : test_pages_administration : daan.swinnen+autotest.admin@optimile.eu
2023-06-01 16:35:10,466 : INFO : test_pages_administration : Attempting Login.
2023-06-01 16:35:12,200 : INFO : test_pages_administration : Succesfully logged in.
2023-06-01 16:35:12,201 : INFO : test_pages_administration : Navigating to administration-pages.
2023-06-01 16:55:03,917 : INFO : test_pages_employees : daan.swinnen+autotest.admin@optimile.eu
2023-06-01 16:55:03,917 : INFO : test_pages_employees : Attempting Login.
2023-06-01 16:55:05,802 : INFO : test_pages_employees : Succesfully logged in.
2023-06-01 16:55:05,802 : INFO : test_pages_employees : Navigating to employees pages.
2023-06-01 16:55:06,304 : INFO : test_pages_employees : Succesfully verified import-page.
2023-06-01 16:55:06,782 : INFO : test_pages_employees : Succesfully verified report-page.
2023-06-01 16:59:01,330 : INFO : test_pages_employees : daan.swinnen+autotest.admin@optimile.eu
2023-06-01 16:59:01,330 : INFO : test_pages_employees : Attempting Login.
2023-06-01 16:59:03,824 : INFO : test_pages_employees : Succesfully logged in.
2023-06-01 16:59:03,824 : INFO : test_pages_employees : Navigating to employees pages.
2023-06-01 16:59:04,363 : INFO : test_pages_employees : Succesfully verified import-page.
2023-06-01 16:59:04,835 : INFO : test_pages_employees : Succesfully verified report-page.
2023-06-01 16:59:05,127 : INFO : test_pages_employees : Succesfully verified overview-page.
2023-06-01 17:07:40,491 : INFO : test_pages_employees : daan.swinnen+autotest.admin@optimile.eu
2023-06-01 17:07:40,492 : INFO : test_pages_employees : Attempting Login.
2023-06-01 17:07:42,187 : INFO : test_pages_employees : Succesfully logged in.
2023-06-01 17:07:42,187 : INFO : test_pages_employees : Navigating to employees pages.
2023-06-01 17:07:42,679 : INFO : test_pages_employees : Succesfully verified import-page.
2023-06-01 17:07:43,159 : INFO : test_pages_employees : Succesfully verified report-page.
2023-06-01 17:07:43,416 : INFO : test_pages_employees : Succesfully verified overview-page.
2023-06-01 17:11:35,349 : INFO : test_pages_account : daan.swinnen+autotest.admin@optimile.eu
2023-06-01 17:11:35,350 : INFO : test_pages_account : Attempting Login.
2023-06-01 17:11:37,018 : INFO : test_pages_account : Succesfully logged in.
2023-06-01 17:11:37,018 : INFO : test_pages_account : Navigating to account-pages.
2023-06-01 17:11:37,376 : INFO : test_pages_account : Succesfully verified invoices-page.
2023-06-02 11:30:46,080 : INFO : test_pages_administration : daan.swinnen+autotest.admin@optimile.eu
2023-06-02 11:30:46,081 : INFO : test_pages_administration : Attempting Login.
2023-06-02 11:30:48,200 : INFO : test_pages_administration : Succesfully logged in.
2023-06-02 11:30:48,200 : INFO : test_pages_administration : Navigating to administration-pages.
2023-06-02 11:32:17,654 : INFO : test_pages_administration : daan.swinnen+autotest.admin@optimile.eu
2023-06-02 11:32:17,654 : INFO : test_pages_administration : Attempting Login.
2023-06-02 11:32:19,806 : INFO : test_pages_administration : Succesfully logged in.
2023-06-02 11:32:19,806 : INFO : test_pages_administration : Navigating to administration-pages.
2023-06-02 11:32:20,212 : INFO : test_pages_administration : Succesfully verified account details page.
2023-06-02 11:32:20,727 : INFO : test_pages_administration : Succesfully updated account details.
2023-06-02 11:34:29,450 : INFO : test_pages_administration : daan.swinnen+autotest.admin@optimile.eu
2023-06-02 11:34:29,451 : INFO : test_pages_administration : Attempting Login.
2023-06-02 11:34:31,679 : INFO : test_pages_administration : Succesfully logged in.
2023-06-02 11:34:31,679 : INFO : test_pages_administration : Navigating to administration-pages.
2023-06-02 11:34:32,065 : INFO : test_pages_administration : Succesfully verified account details page.
2023-06-02 11:34:32,393 : INFO : test_pages_administration : Succesfully updated account details.
2023-06-02 11:34:32,823 : INFO : test_pages_administration : Succesfully verified tag manager page.
2023-06-02 11:35:16,616 : INFO : test_pages_mobility_policies : daan.swinnen+autotest.admin@optimile.eu
2023-06-02 11:35:16,616 : INFO : test_pages_mobility_policies : Attempting Login.
2023-06-02 11:35:19,060 : INFO : test_pages_mobility_policies : Succesfully logged in.
2023-06-02 11:35:19,060 : INFO : test_pages_mobility_policies : Navigating to mobility-pages.
2023-06-02 11:35:19,764 : INFO : test_pages_mobility_policies : Succesfully verified mobility policies-page.
2023-06-02 11:37:32,878 : INFO : test_pages_mobility_policies : daan.swinnen+autotest.admin@optimile.eu
2023-06-02 11:37:32,880 : INFO : test_pages_mobility_policies : Attempting Login.
2023-06-02 11:37:34,956 : INFO : test_pages_mobility_policies : Succesfully logged in.
2023-06-02 11:37:34,956 : INFO : test_pages_mobility_policies : Navigating to mobility-pages.
2023-06-02 11:37:35,589 : INFO : test_pages_mobility_policies : Succesfully verified mobility policies-page.
2023-06-02 11:37:35,872 : INFO : test_pages_mobility_policies : Succesfully verified expenses-page.
2023-06-02 11:42:24,502 : INFO : test_expenses_DownloadAttachment_HRmod : daan.swinnen+autotest.admin@optimile.eu
2023-06-02 11:42:24,503 : INFO : test_expenses_DownloadAttachment_HRmod : Attempting Login.
2023-06-02 11:42:26,702 : INFO : test_expenses_DownloadAttachment_HRmod : Succesfully logged in.
2023-06-02 11:42:26,702 : INFO : test_expenses_DownloadAttachment_HRmod : Navigating to expenses-page.
2023-06-02 11:42:27,109 : INFO : test_expenses_DownloadAttachment_HRmod : Attempting to download attachment.
2023-06-02 11:42:27,775 : INFO : test_expenses_DownloadAttachment_HRmod : Succesfully downloaded attachment.
2023-06-02 11:42:35,289 : INFO : test_expenses_verify_overview : daan.swinnen+autotest.admin@optimile.eu
2023-06-02 11:42:35,289 : INFO : test_expenses_verify_overview : Attempting Login.
2023-06-02 11:42:37,525 : INFO : test_expenses_verify_overview : Succesfully logged in.
2023-06-02 11:42:37,525 : INFO : test_expenses_verify_overview : Navigating to expenses-page.
2023-06-02 11:42:37,986 : INFO : test_expenses_verify_overview : Succesfully verified expenses overview-page.
2023-06-02 11:42:52,408 : INFO : test_expenses_verify_overview : daan.swinnen+autotest.admin@optimile.eu
2023-06-02 11:42:52,408 : INFO : test_expenses_verify_overview : Attempting Login.
2023-06-02 11:42:54,976 : INFO : test_expenses_verify_overview : Succesfully logged in.
2023-06-02 11:42:54,976 : INFO : test_expenses_verify_overview : Navigating to expenses-page.
2023-06-02 11:42:55,445 : INFO : test_expenses_verify_overview : Succesfully verified expenses overview-page.
2023-06-02 11:43:02,223 : INFO : test_expenses_detail_modal : daan.swinnen+autotest.admin@optimile.eu
2023-06-02 11:43:02,223 : INFO : test_expenses_detail_modal : Attempting Login.
2023-06-02 11:43:04,550 : INFO : test_expenses_detail_modal : Succesfully logged in.
2023-06-02 11:43:04,550 : INFO : test_expenses_detail_modal : Navigating to expenses-page.
2023-06-02 11:43:05,618 : INFO : test_expenses_detail_modal : Succesfully opened expense detail modal.
2023-06-02 11:43:05,744 : INFO : test_expenses_detail_modal : Succesfully scrolled between expenses.
2023-06-02 11:43:12,684 : INFO : test_expenses_detail_modal_attachment_scroll : daan.swinnen+autotest.admin@optimile.eu
2023-06-02 11:43:12,684 : INFO : test_expenses_detail_modal_attachment_scroll : Attempting Login.
2023-06-02 11:43:14,766 : INFO : test_expenses_detail_modal_attachment_scroll : Succesfully logged in.
2023-06-02 11:43:14,766 : INFO : test_expenses_detail_modal_attachment_scroll : Navigating to expenses-page.
2023-06-02 11:43:15,217 : INFO : test_expenses_detail_modal_attachment_scroll : Succesfully searched for expense with ID 13513.
2023-06-02 11:43:17,401 : INFO : test_expenses_detail_modal_attachment_scroll : Succesfully scrolled between various attachments.
2023-06-02 11:43:24,159 : INFO : test_expenses_SearchByID_HRmod : daan.swinnen+autotest.admin@optimile.eu
2023-06-02 11:43:24,159 : INFO : test_expenses_SearchByID_HRmod : Attempting Login.
2023-06-02 11:43:26,373 : INFO : test_expenses_SearchByID_HRmod : Succesfully logged in.
2023-06-02 11:43:26,373 : INFO : test_expenses_SearchByID_HRmod : Navigating to expenses-page.
2023-06-02 11:43:26,831 : INFO : test_expenses_SearchByID_HRmod : Searched for expense with ID 13423.
2023-06-02 11:43:27,388 : INFO : test_expenses_SearchByID_HRmod : Opened expense detail modal.
2023-06-02 11:43:27,456 : INFO : test_expenses_SearchByID_HRmod : Succesfully verified expense ID.
2023-06-02 11:43:34,534 : INFO : test_expenses_SearchByType_HRmod : daan.swinnen+autotest.admin@optimile.eu
2023-06-02 11:43:34,535 : INFO : test_expenses_SearchByType_HRmod : Attempting Login.
2023-06-02 11:43:36,695 : INFO : test_expenses_SearchByType_HRmod : Succesfully logged in.
2023-06-02 11:43:36,696 : INFO : test_expenses_SearchByType_HRmod : Navigating to expenses-page.
2023-06-02 11:43:37,183 : INFO : test_expenses_SearchByType_HRmod : Searched for expense type 'taxi'.
2023-06-02 11:43:38,488 : INFO : test_expenses_SearchByType_HRmod : Succesfully verified that only taxi-expenses are visible.
2023-06-02 11:43:46,285 : INFO : test_expenses_DenyUndo_HRmod : daan.swinnen+autotest.admin@optimile.eu
2023-06-02 11:43:46,286 : INFO : test_expenses_DenyUndo_HRmod : Attempting Login.
2023-06-02 11:43:48,382 : INFO : test_expenses_DenyUndo_HRmod : Succesfully logged in.
2023-06-02 11:43:48,382 : INFO : test_expenses_DenyUndo_HRmod : Navigating to expenses-page.
2023-06-02 11:43:48,886 : INFO : test_expenses_DenyUndo_HRmod : Navigating to new expenses tab.
2023-06-02 11:44:19,390 : INFO : test_expenses_DenyUndo_HRmod : daan.swinnen+autotest.admin@optimile.eu
2023-06-02 11:44:19,391 : INFO : test_expenses_DenyUndo_HRmod : Attempting Login.
2023-06-02 11:44:21,550 : INFO : test_expenses_DenyUndo_HRmod : Succesfully logged in.
2023-06-02 11:44:21,551 : INFO : test_expenses_DenyUndo_HRmod : Navigating to expenses-page.
2023-06-02 11:44:22,062 : INFO : test_expenses_DenyUndo_HRmod : Navigating to new expenses tab.
2023-06-02 11:45:02,110 : INFO : test_expenses_DenyUndo_HRmod : daan.swinnen+autotest.admin@optimile.eu
2023-06-02 11:45:02,110 : INFO : test_expenses_DenyUndo_HRmod : Attempting Login.
2023-06-02 11:45:03,562 : INFO : test_expenses_DenyUndo_HRmod : Succesfully logged in.
2023-06-02 11:45:03,563 : INFO : test_expenses_DenyUndo_HRmod : Navigating to expenses-page.
2023-06-02 11:45:04,132 : INFO : test_expenses_DenyUndo_HRmod : Navigating to new expenses tab.
2023-06-02 11:45:34,440 : INFO : test_expenses_DenyUndo_HRmod : daan.swinnen+autotest.admin@optimile.eu
2023-06-02 11:45:34,440 : INFO : test_expenses_DenyUndo_HRmod : Attempting Login.
2023-06-02 11:45:36,575 : INFO : test_expenses_DenyUndo_HRmod : Succesfully logged in.
2023-06-02 11:45:36,575 : INFO : test_expenses_DenyUndo_HRmod : Navigating to expenses-page.
2023-06-02 11:45:37,065 : INFO : test_expenses_DenyUndo_HRmod : Navigating to new expenses tab.
2023-06-02 11:46:10,236 : INFO : test_expenses_DenyUndo_HRmod : daan.swinnen+autotest.admin@optimile.eu
2023-06-02 11:46:10,237 : INFO : test_expenses_DenyUndo_HRmod : Attempting Login.
2023-06-02 11:46:12,326 : INFO : test_expenses_DenyUndo_HRmod : Succesfully logged in.
2023-06-02 11:46:12,326 : INFO : test_expenses_DenyUndo_HRmod : Navigating to expenses-page.
2023-06-02 11:46:12,907 : INFO : test_expenses_DenyUndo_HRmod : Navigating to new expenses tab.
2023-06-02 11:47:11,229 : INFO : test_expenses_DenyUndo_HRmod : daan.swinnen+autotest.admin@optimile.eu
2023-06-02 11:47:11,229 : INFO : test_expenses_DenyUndo_HRmod : Attempting Login.
2023-06-02 11:47:13,368 : INFO : test_expenses_DenyUndo_HRmod : Succesfully logged in.
2023-06-02 11:47:13,368 : INFO : test_expenses_DenyUndo_HRmod : Navigating to expenses-page.
2023-06-02 11:47:14,953 : INFO : test_expenses_DenyUndo_HRmod : Navigating to new expenses tab.
2023-06-02 11:47:17,268 : INFO : test_expenses_DenyUndo_HRmod : Marked expense as 'denied'.
2023-06-02 11:47:17,268 : INFO : test_expenses_DenyUndo_HRmod : Navigating towards pending-tab.
2023-06-02 11:47:19,505 : INFO : test_expenses_DenyUndo_HRmod : Undo expense.
2023-06-02 11:47:19,672 : INFO : test_expenses_DenyUndo_HRmod : Succesfully marked expense as 'new'.
2023-06-02 11:47:31,756 : INFO : test_expenses_ApproveUndo_HRmod : daan.swinnen+autotest.admin@optimile.eu
2023-06-02 11:47:31,756 : INFO : test_expenses_ApproveUndo_HRmod : Attempting Login.
2023-06-02 11:47:33,937 : INFO : test_expenses_ApproveUndo_HRmod : Succesfully logged in.
2023-06-02 11:47:33,937 : INFO : test_expenses_ApproveUndo_HRmod : Navigating to expenses-page.
2023-06-02 11:47:36,571 : INFO : test_expenses_ApproveUndo_HRmod : Navigating to new expenses tab.
2023-06-02 11:47:37,721 : INFO : test_expenses_ApproveUndo_HRmod : Opening expense detail modal.
2023-06-02 11:47:37,824 : INFO : test_expenses_ApproveUndo_HRmod : Marked expense as 'approved'.
2023-06-02 11:47:38,993 : INFO : test_expenses_ApproveUndo_HRmod : Navigating to pending expenses tab.
2023-06-02 11:47:40,099 : INFO : test_expenses_ApproveUndo_HRmod : Undo expense.
2023-06-02 11:47:40,279 : INFO : test_expenses_ApproveUndo_HRmod : Succesfully marked expense as 'new'.
2023-06-02 11:47:47,931 : INFO : test_expenses_verify_error_tab : daan.swinnen+autotest.admin@optimile.eu
2023-06-02 11:47:47,931 : INFO : test_expenses_verify_error_tab : Attempting Login.
2023-06-02 11:47:50,568 : INFO : test_expenses_verify_error_tab : Succesfully logged in.
2023-06-02 11:47:50,569 : INFO : test_expenses_verify_error_tab : Navigating to expenses-page.
2023-06-02 11:47:51,190 : INFO : test_expenses_verify_error_tab : Navigating to error tab.
2023-06-02 11:47:52,226 : INFO : test_expenses_verify_error_tab : Succesfully verified that only expenses marked as 'error' are present.
2023-06-02 11:47:59,771 : INFO : test_expenses_date_picker : daan.swinnen+autotest.admin@optimile.eu
2023-06-02 11:47:59,771 : INFO : test_expenses_date_picker : Attempting Login.
2023-06-02 11:48:01,915 : INFO : test_expenses_date_picker : Succesfully logged in.
2023-06-02 11:48:01,916 : INFO : test_expenses_date_picker : Navigating to expenses-page.
2023-06-02 11:48:02,492 : INFO : test_expenses_date_picker : Selected date range in datepicker.
2023-06-02 11:48:03,604 : INFO : test_expenses_date_picker : Succesfully verified that all expenses fall within correct date range.
2023-06-02 11:48:11,160 : INFO : test_expenses_status_filter : daan.swinnen+autotest.admin@optimile.eu
2023-06-02 11:48:11,160 : INFO : test_expenses_status_filter : Attempting Login.
2023-06-02 11:48:13,692 : INFO : test_expenses_status_filter : Succesfully logged in.
2023-06-02 11:48:13,692 : INFO : test_expenses_status_filter : Navigating to expenses-page.
2023-06-02 11:48:15,431 : INFO : test_expenses_status_filter : Filtering expenses for 'paid'-status.
2023-06-02 11:48:16,658 : INFO : test_expenses_status_filter : Succesfully verified that only 'Paid' expenses are present.
2023-06-02 11:49:36,927 : INFO : test_expenses_detail_modal : daan.swinnen+autotest.admin@optimile.eu
2023-06-02 11:49:36,927 : INFO : test_expenses_detail_modal : Attempting Login.
2023-06-02 11:49:38,807 : INFO : test_expenses_detail_modal : Succesfully logged in.
2023-06-02 11:49:38,807 : INFO : test_expenses_detail_modal : Navigating to expenses-page.
2023-06-02 11:49:39,813 : INFO : test_expenses_detail_modal : Succesfully opened expense detail modal.
2023-06-02 11:49:39,934 : INFO : test_expenses_detail_modal : Succesfully scrolled between expenses.
2023-06-02 11:54:00,503 : INFO : test_expenses_DownloadAttachment_HRmod : daan.swinnen+autotest.admin@optimile.eu
2023-06-02 11:54:00,503 : INFO : test_expenses_DownloadAttachment_HRmod : Attempting Login.
2023-06-02 11:54:03,232 : INFO : test_expenses_DownloadAttachment_HRmod : Succesfully logged in.
2023-06-02 11:54:03,232 : INFO : test_expenses_DownloadAttachment_HRmod : Navigating to expenses-page.
2023-06-02 11:54:03,793 : INFO : test_expenses_DownloadAttachment_HRmod : Attempting to download attachment.
2023-06-02 11:54:04,638 : INFO : test_expenses_DownloadAttachment_HRmod : Succesfully downloaded attachment.
2023-06-02 11:54:10,125 : INFO : test_expenses_verify_overview : daan.swinnen+autotest.admin@optimile.eu
2023-06-02 11:54:10,125 : INFO : test_expenses_verify_overview : Attempting Login.
2023-06-02 11:54:12,992 : INFO : test_expenses_verify_overview : Succesfully logged in.
2023-06-02 11:54:12,992 : INFO : test_expenses_verify_overview : Navigating to expenses-page.
2023-06-02 11:54:13,642 : INFO : test_expenses_verify_overview : Succesfully verified expenses overview-page.
2023-06-02 11:54:20,107 : INFO : test_expenses_detail_modal : daan.swinnen+autotest.admin@optimile.eu
2023-06-02 11:54:20,107 : INFO : test_expenses_detail_modal : Attempting Login.
2023-06-02 11:54:22,106 : INFO : test_expenses_detail_modal : Succesfully logged in.
2023-06-02 11:54:22,106 : INFO : test_expenses_detail_modal : Navigating to expenses-page.
2023-06-02 11:54:23,106 : INFO : test_expenses_detail_modal : Succesfully opened expense detail modal.
2023-06-02 11:54:23,234 : INFO : test_expenses_detail_modal : Succesfully scrolled between expenses.
2023-06-02 11:57:30,447 : INFO : test_expenses_detail_modal : daan.swinnen+autotest.admin@optimile.eu
2023-06-02 11:57:30,448 : INFO : test_expenses_detail_modal : Attempting Login.
2023-06-02 11:57:32,772 : INFO : test_expenses_detail_modal : Succesfully logged in.
2023-06-02 11:57:32,772 : INFO : test_expenses_detail_modal : Navigating to expenses-page.
2023-06-02 11:57:33,822 : INFO : test_expenses_detail_modal : Succesfully opened expense detail modal.
2023-06-02 11:57:33,951 : INFO : test_expenses_detail_modal : Succesfully scrolled between expenses.
2023-06-02 11:57:33,951 : INFO : test_expenses_detail_modal : Closing detail modal.
2023-06-02 12:00:07,242 : INFO : test_expenses_date_picker : daan.swinnen+autotest.admin@optimile.eu
2023-06-02 12:00:07,242 : INFO : test_expenses_date_picker : Attempting Login.
2023-06-02 12:00:10,101 : INFO : test_expenses_date_picker : Succesfully logged in.
2023-06-02 12:00:10,101 : INFO : test_expenses_date_picker : Navigating to expenses-page.
2023-06-02 12:00:10,647 : INFO : test_expenses_date_picker : Selected date range in datepicker.
2023-06-02 12:00:11,743 : INFO : test_expenses_date_picker : Succesfully verified that all expenses fall within correct date range.
2023-06-02 12:00:19,340 : INFO : test_expenses_status_filter : daan.swinnen+autotest.admin@optimile.eu
2023-06-02 12:00:19,341 : INFO : test_expenses_status_filter : Attempting Login.
2023-06-02 12:00:21,421 : INFO : test_expenses_status_filter : Succesfully logged in.
2023-06-02 12:00:21,421 : INFO : test_expenses_status_filter : Navigating to expenses-page.
2023-06-02 12:00:23,087 : INFO : test_expenses_status_filter : Filtering expenses for 'paid'-status.
2023-06-02 12:00:24,332 : INFO : test_expenses_status_filter : Succesfully verified that only 'Paid' expenses are present.
2023-06-02 12:01:55,734 : INFO : test_expenses_date_picker : daan.swinnen+autotest.admin@optimile.eu
2023-06-02 12:01:55,734 : INFO : test_expenses_date_picker : Attempting Login.
2023-06-02 12:01:57,946 : INFO : test_expenses_date_picker : Succesfully logged in.
2023-06-02 12:01:57,946 : INFO : test_expenses_date_picker : Navigating to expenses-page.
2023-06-02 12:01:58,473 : INFO : test_expenses_date_picker : Selected date range in datepicker.
2023-06-02 12:01:59,585 : INFO : test_expenses_date_picker : Succesfully verified that all expenses fall within correct date range.
2023-06-02 12:06:14,595 : INFO : test_mobility_policies_create_policy : daan.swinnen+autotest.admin@optimile.eu
2023-06-02 12:06:14,595 : INFO : test_mobility_policies_create_policy : Attempting login.
2023-06-02 12:06:16,578 : INFO : test_mobility_policies_create_policy : Succesfully logged in.
2023-06-02 12:06:16,578 : INFO : test_mobility_policies_create_policy : Navigating to mobility policies page.
2023-06-02 12:06:17,163 : INFO : test_mobility_policies_create_policy : Attempting to create new mobility policy.
2023-06-02 12:06:17,725 : INFO : test_mobility_policies_create_policy : Set policy name as 'timestamp'.
2023-06-02 12:06:17,819 : INFO : test_mobility_policies_create_policy : Selected mobility policy type as 'professional'.
2023-06-02 12:06:17,899 : INFO : test_mobility_policies_create_policy : Selected second contract.
2023-06-02 12:06:17,975 : INFO : test_mobility_policies_create_policy : Set policy budget to '150'.
2023-06-02 12:06:18,609 : INFO : test_mobility_policies_create_policy : Set start date on 'today'.
2023-06-02 12:06:18,609 : INFO : test_mobility_policies_create_policy : Set end date as undefined.
2023-06-02 12:06:18,791 : INFO : test_mobility_policies_create_policy : Selected mobility option 'parking'.
2023-06-02 12:38:08,799 : INFO : test_mobility_policies_create_policy : daan.swinnen+autotest.admin@optimile.eu
2023-06-02 12:38:08,800 : INFO : test_mobility_policies_create_policy : Attempting login.
2023-06-02 12:38:10,963 : INFO : test_mobility_policies_create_policy : Succesfully logged in.
2023-06-02 12:38:10,963 : INFO : test_mobility_policies_create_policy : Navigating to mobility policies page.
2023-06-02 12:38:11,677 : INFO : test_mobility_policies_create_policy : Attempting to create new mobility policy.
2023-06-02 12:38:12,293 : INFO : test_mobility_policies_create_policy : Set policy name as 'timestamp'.
2023-06-02 12:38:12,368 : INFO : test_mobility_policies_create_policy : Selected mobility policy type as 'professional'.
2023-06-02 12:38:12,459 : INFO : test_mobility_policies_create_policy : Selected second contract.
2023-06-02 12:38:12,543 : INFO : test_mobility_policies_create_policy : Set policy budget to '150'.
2023-06-02 12:38:13,162 : INFO : test_mobility_policies_create_policy : Set start date on 'today'.
2023-06-02 12:38:13,162 : INFO : test_mobility_policies_create_policy : Set end date as undefined.
2023-06-02 12:38:13,343 : INFO : test_mobility_policies_create_policy : Selected mobility option 'parking'.
2023-06-02 12:42:22,628 : INFO : test_mobility_policies_create_policy : daan.swinnen+autotest.admin@optimile.eu
2023-06-02 12:42:22,628 : INFO : test_mobility_policies_create_policy : Attempting login.
2023-06-02 12:42:25,492 : INFO : test_mobility_policies_create_policy : Succesfully logged in.
2023-06-02 12:42:25,493 : INFO : test_mobility_policies_create_policy : Navigating to mobility policies page.
2023-06-02 12:42:26,299 : INFO : test_mobility_policies_create_policy : Attempting to create new mobility policy.
2023-06-02 12:42:26,912 : INFO : test_mobility_policies_create_policy : Set policy name as 'timestamp'.
2023-06-02 12:42:27,009 : INFO : test_mobility_policies_create_policy : Selected mobility policy type as 'professional'.
2023-06-02 12:42:27,094 : INFO : test_mobility_policies_create_policy : Selected second contract.
2023-06-02 12:42:27,174 : INFO : test_mobility_policies_create_policy : Set policy budget to '150'.
2023-06-02 12:42:27,745 : INFO : test_mobility_policies_create_policy : Set start date on 'today'.
2023-06-02 12:42:27,745 : INFO : test_mobility_policies_create_policy : Set end date as undefined.
2023-06-02 12:42:27,918 : INFO : test_mobility_policies_create_policy : Selected mobility option 'parking'.
2023-06-02 12:46:17,151 : INFO : test_mobility_policies_create_policy : daan.swinnen+autotest.admin@optimile.eu
2023-06-02 12:46:17,151 : INFO : test_mobility_policies_create_policy : Attempting login.
2023-06-02 12:46:19,416 : INFO : test_mobility_policies_create_policy : Succesfully logged in.
2023-06-02 12:46:19,416 : INFO : test_mobility_policies_create_policy : Navigating to mobility policies page.
2023-06-02 12:46:20,115 : INFO : test_mobility_policies_create_policy : Attempting to create new mobility policy.
2023-06-02 12:46:20,720 : INFO : test_mobility_policies_create_policy : Set policy name as 'timestamp'.
2023-06-02 12:46:20,821 : INFO : test_mobility_policies_create_policy : Selected mobility policy type as 'professional'.
2023-06-02 12:46:20,903 : INFO : test_mobility_policies_create_policy : Selected second contract.
2023-06-02 12:46:20,992 : INFO : test_mobility_policies_create_policy : Set policy budget to '150'.
2023-06-02 12:46:21,594 : INFO : test_mobility_policies_create_policy : Set start date on 'today'.
2023-06-02 12:46:21,594 : INFO : test_mobility_policies_create_policy : Set end date as undefined.
2023-06-02 12:46:21,767 : INFO : test_mobility_policies_create_policy : Selected mobility option 'parking'.
2023-06-02 12:47:17,940 : INFO : test_mobility_policies_create_policy : daan.swinnen+autotest.admin@optimile.eu
2023-06-02 12:47:17,941 : INFO : test_mobility_policies_create_policy : Attempting login.
2023-06-02 12:47:20,363 : INFO : test_mobility_policies_create_policy : Succesfully logged in.
2023-06-02 12:47:20,363 : INFO : test_mobility_policies_create_policy : Navigating to mobility policies page.
2023-06-02 12:47:20,978 : INFO : test_mobility_policies_create_policy : Attempting to create new mobility policy.
2023-06-02 12:47:21,603 : INFO : test_mobility_policies_create_policy : Set policy name as 'timestamp'.
2023-06-02 12:47:21,682 : INFO : test_mobility_policies_create_policy : Selected mobility policy type as 'professional'.
2023-06-02 12:47:21,763 : INFO : test_mobility_policies_create_policy : Selected second contract.
2023-06-02 12:47:21,856 : INFO : test_mobility_policies_create_policy : Set policy budget to '150'.
2023-06-02 12:47:22,473 : INFO : test_mobility_policies_create_policy : Set start date on 'today'.
2023-06-02 12:47:22,473 : INFO : test_mobility_policies_create_policy : Set end date as undefined.
2023-06-02 12:47:27,673 : INFO : test_mobility_policies_create_policy : Selected mobility option 'parking'.
2023-06-02 12:58:26,001 : INFO : test_mobility_policies_create_policy : daan.swinnen+autotest.admin@optimile.eu
2023-06-02 12:58:26,001 : INFO : test_mobility_policies_create_policy : Attempting login.
2023-06-02 12:58:28,099 : INFO : test_mobility_policies_create_policy : Succesfully logged in.
2023-06-02 12:58:28,099 : INFO : test_mobility_policies_create_policy : Navigating to mobility policies page.
2023-06-02 12:58:28,790 : INFO : test_mobility_policies_create_policy : Attempting to create new mobility policy.
2023-06-02 12:58:29,378 : INFO : test_mobility_policies_create_policy : Set policy name as 'timestamp'.
2023-06-02 12:58:29,462 : INFO : test_mobility_policies_create_policy : Selected mobility policy type as 'professional'.
2023-06-02 12:58:29,556 : INFO : test_mobility_policies_create_policy : Selected second contract.
2023-06-02 12:58:29,636 : INFO : test_mobility_policies_create_policy : Set policy budget to '150'.
2023-06-02 12:58:30,228 : INFO : test_mobility_policies_create_policy : Set start date on 'today'.
2023-06-02 12:58:30,229 : INFO : test_mobility_policies_create_policy : Set end date as undefined.
2023-06-02 12:58:30,427 : INFO : test_mobility_policies_create_policy : Selected mobility option 'parking'.
2023-06-02 12:58:48,285 : INFO : test_mobility_policies_create_policy : daan.swinnen+autotest.admin@optimile.eu
2023-06-02 12:58:48,286 : INFO : test_mobility_policies_create_policy : Attempting login.
2023-06-02 12:58:50,365 : INFO : test_mobility_policies_create_policy : Succesfully logged in.
2023-06-02 12:58:50,365 : INFO : test_mobility_policies_create_policy : Navigating to mobility policies page.
2023-06-02 12:58:51,166 : INFO : test_mobility_policies_create_policy : Attempting to create new mobility policy.
2023-06-02 12:58:51,803 : INFO : test_mobility_policies_create_policy : Set policy name as 'timestamp'.
2023-06-02 12:58:51,880 : INFO : test_mobility_policies_create_policy : Selected mobility policy type as 'professional'.
2023-06-02 12:58:51,979 : INFO : test_mobility_policies_create_policy : Selected second contract.
2023-06-02 12:58:52,061 : INFO : test_mobility_policies_create_policy : Set policy budget to '150'.
2023-06-02 12:58:52,656 : INFO : test_mobility_policies_create_policy : Set start date on 'today'.
2023-06-02 12:58:52,656 : INFO : test_mobility_policies_create_policy : Set end date as undefined.
2023-06-02 12:58:52,818 : INFO : test_mobility_policies_create_policy : Selected mobility option 'parking'.
2023-06-02 13:07:53,091 : INFO : test_mobility_policies_create_policy : daan.swinnen+autotest.admin@optimile.eu
2023-06-02 13:07:53,091 : INFO : test_mobility_policies_create_policy : Attempting login.
2023-06-02 13:07:55,307 : INFO : test_mobility_policies_create_policy : Succesfully logged in.
2023-06-02 13:07:55,307 : INFO : test_mobility_policies_create_policy : Navigating to mobility policies page.
2023-06-02 13:07:55,906 : INFO : test_mobility_policies_create_policy : Attempting to create new mobility policy.
2023-06-02 13:07:56,480 : INFO : test_mobility_policies_create_policy : Set policy name as 'timestamp'.
2023-06-02 13:07:56,557 : INFO : test_mobility_policies_create_policy : Selected mobility policy type as 'professional'.
2023-06-02 13:07:56,643 : INFO : test_mobility_policies_create_policy : Selected second contract.
2023-06-02 13:07:56,730 : INFO : test_mobility_policies_create_policy : Set policy budget to '150'.
2023-06-02 13:07:57,345 : INFO : test_mobility_policies_create_policy : Set start date on 'today'.
2023-06-02 13:07:57,346 : INFO : test_mobility_policies_create_policy : Set end date as undefined.
2023-06-02 13:07:57,530 : INFO : test_mobility_policies_create_policy : Selected mobility option 'parking'.
2023-06-02 13:09:04,930 : INFO : test_mobility_policies_create_policy : daan.swinnen+autotest.admin@optimile.eu
2023-06-02 13:09:04,930 : INFO : test_mobility_policies_create_policy : Attempting login.
2023-06-02 13:09:07,051 : INFO : test_mobility_policies_create_policy : Succesfully logged in.
2023-06-02 13:09:07,051 : INFO : test_mobility_policies_create_policy : Navigating to mobility policies page.
2023-06-02 13:09:07,617 : INFO : test_mobility_policies_create_policy : Attempting to create new mobility policy.
2023-06-02 13:09:08,202 : INFO : test_mobility_policies_create_policy : Set policy name as 'timestamp'.
2023-06-02 13:09:08,282 : INFO : test_mobility_policies_create_policy : Selected mobility policy type as 'professional'.
2023-06-02 13:09:08,367 : INFO : test_mobility_policies_create_policy : Selected second contract.
2023-06-02 13:09:08,455 : INFO : test_mobility_policies_create_policy : Set policy budget to '150'.
2023-06-02 13:09:09,083 : INFO : test_mobility_policies_create_policy : Set start date on 'today'.
2023-06-02 13:09:09,083 : INFO : test_mobility_policies_create_policy : Set end date as undefined.
2023-06-02 13:12:06,411 : INFO : test_mobility_policies_create_policy : daan.swinnen+autotest.admin@optimile.eu
2023-06-02 13:12:06,411 : INFO : test_mobility_policies_create_policy : Attempting login.
2023-06-02 13:12:08,473 : INFO : test_mobility_policies_create_policy : Succesfully logged in.
2023-06-02 13:12:08,474 : INFO : test_mobility_policies_create_policy : Navigating to mobility policies page.
2023-06-02 13:12:09,460 : INFO : test_mobility_policies_create_policy : Attempting to create new mobility policy.
2023-06-02 13:12:09,990 : INFO : test_mobility_policies_create_policy : Set policy name as 'timestamp'.
2023-06-02 13:12:10,079 : INFO : test_mobility_policies_create_policy : Selected mobility policy type as 'professional'.
2023-06-02 13:12:10,156 : INFO : test_mobility_policies_create_policy : Selected second contract.
2023-06-02 13:12:10,247 : INFO : test_mobility_policies_create_policy : Set policy budget to '150'.
2023-06-02 13:12:10,784 : INFO : test_mobility_policies_create_policy : Set start date on 'today'.
2023-06-02 13:12:10,784 : INFO : test_mobility_policies_create_policy : Set end date as undefined.
2023-06-02 13:12:56,150 : INFO : test_mobility_policies_create_policy : daan.swinnen+autotest.admin@optimile.eu
2023-06-02 13:12:56,150 : INFO : test_mobility_policies_create_policy : Attempting login.
2023-06-02 13:12:58,297 : INFO : test_mobility_policies_create_policy : Succesfully logged in.
2023-06-02 13:12:58,297 : INFO : test_mobility_policies_create_policy : Navigating to mobility policies page.
2023-06-02 13:12:58,878 : INFO : test_mobility_policies_create_policy : Attempting to create new mobility policy.
2023-06-02 13:12:59,478 : INFO : test_mobility_policies_create_policy : Set policy name as 'timestamp'.
2023-06-02 13:12:59,565 : INFO : test_mobility_policies_create_policy : Selected mobility policy type as 'professional'.
2023-06-02 13:12:59,644 : INFO : test_mobility_policies_create_policy : Selected second contract.
2023-06-02 13:12:59,722 : INFO : test_mobility_policies_create_policy : Set policy budget to '150'.
2023-06-02 13:17:05,078 : INFO : test_mobility_policies_create_policy : daan.swinnen+autotest.admin@optimile.eu
2023-06-02 13:17:05,078 : INFO : test_mobility_policies_create_policy : Attempting login.
2023-06-02 13:17:06,892 : INFO : test_mobility_policies_create_policy : Succesfully logged in.
2023-06-02 13:17:06,892 : INFO : test_mobility_policies_create_policy : Navigating to mobility policies page.
2023-06-02 13:17:07,494 : INFO : test_mobility_policies_create_policy : Attempting to create new mobility policy.
2023-06-02 13:17:08,040 : INFO : test_mobility_policies_create_policy : Set policy name as 'timestamp'.
2023-06-02 13:17:08,128 : INFO : test_mobility_policies_create_policy : Selected mobility policy type as 'professional'.
2023-06-02 13:17:08,219 : INFO : test_mobility_policies_create_policy : Selected second contract.
2023-06-02 13:17:08,307 : INFO : test_mobility_policies_create_policy : Set policy budget to '150'.
2023-06-02 13:17:08,942 : INFO : test_mobility_policies_create_policy : Set start date on 'today'.
2023-06-02 13:17:08,942 : INFO : test_mobility_policies_create_policy : Set end date as undefined.
2023-06-02 13:17:09,132 : INFO : test_mobility_policies_create_policy : Selected mobility option 'parking'.
2023-06-02 13:19:57,917 : INFO : test_mobility_policies_create_draft : daan.swinnen+autotest.admin@optimile.eu
2023-06-02 13:19:57,917 : INFO : test_mobility_policies_create_draft : Attempting login.
2023-06-02 13:19:58,774 : INFO : test_mobility_policies_activate_draft : daan.swinnen+autotest.admin@optimile.eu
2023-06-02 13:19:58,775 : INFO : test_mobility_policies_activate_draft : Attempting login.
2023-06-02 13:19:59,820 : INFO : test_mobility_policies_draft_link_users : daan.swinnen+autotest.admin@optimile.eu
2023-06-02 13:19:59,820 : INFO : test_mobility_policies_draft_link_users : Attempting login.
2023-06-02 13:19:59,994 : INFO : test_mobility_policies_create_draft : Succesfully logged in.
2023-06-02 13:19:59,994 : INFO : test_mobility_policies_create_draft : Navigating to mobility policies page.
2023-06-02 13:20:00,472 : INFO : test_mobility_policies_active_change_mob : daan.swinnen+autotest.admin@optimile.eu
2023-06-02 13:20:00,472 : INFO : test_mobility_policies_active_change_mob : Attempting login.
2023-06-02 13:20:00,996 : INFO : test_mobility_policies_activate_draft : Succesfully logged in.
2023-06-02 13:20:00,996 : INFO : test_mobility_policies_activate_draft : Navigating to mobility policies page.
2023-06-02 13:20:01,071 : INFO : test_mobility_policies_create_draft : Attempting to create new mobility policy.
2023-06-02 13:20:01,572 : INFO : test_mobility_policies_duplicate : daan.swinnen+autotest.admin@optimile.eu
2023-06-02 13:20:01,572 : INFO : test_mobility_policies_duplicate : Attempting login.
2023-06-02 13:20:02,525 : INFO : test_mobility_policies_draft_link_users : Succesfully logged in.
2023-06-02 13:20:02,525 : INFO : test_mobility_policies_draft_link_users : Navigating to mobility policies page.
2023-06-02 13:20:02,750 : INFO : test_mobility_policies_create_draft : Set policy name as 'timestamp'.
2023-06-02 13:20:02,808 : INFO : test_mobility_policies_create_draft : Selected mobility policy type as 'professional'.
2023-06-02 13:20:03,793 : INFO : test_mobility_policies_create_draft : Selected second contract.
2023-06-02 13:20:03,877 : INFO : test_mobility_policies_create_draft : Set policy budget to '150'.
2023-06-02 13:20:04,137 : INFO : test_mobility_policies_activate_draft : Filtering for draft policies.
2023-06-02 13:20:04,207 : INFO : test_mobility_policies_draft_link_users : Filtering for draft policies.
2023-06-02 13:20:04,675 : INFO : test_mobility_policies_create_draft : Set start date on 'today'.
2023-06-02 13:20:04,675 : INFO : test_mobility_policies_create_draft : Set end date as undefined.
2023-06-02 13:20:04,852 : INFO : test_mobility_policies_create_draft : Selected mobility option 'parking'.
2023-06-02 13:20:05,493 : INFO : test_mobility_policies_duplicate : Succesfully logged in.
2023-06-02 13:20:05,493 : INFO : test_mobility_policies_duplicate : Navigating to mobility policies page.
2023-06-02 13:20:05,698 : INFO : test_mobility_policies_active_change_mob : Succesfully logged in.
2023-06-02 13:20:05,698 : INFO : test_mobility_policies_active_change_mob : Navigating to mobility policies page.
2023-06-02 13:20:06,001 : INFO : test_mobility_policies_draft_link_users : Opened top draft.
2023-06-02 13:20:06,290 : INFO : test_mobility_policies_activate_draft : Succesfully activated draft policy.
2023-06-02 13:20:06,884 : INFO : test_mobility_policies_duplicate : Filtered for draft policies.
2023-06-02 13:20:07,017 : INFO : test_mobility_policies_active_change_mob : Filtered for 'active' policies.
2023-06-02 13:20:08,187 : INFO : test_mobility_policies_duplicate : Opened top policy.
2023-06-02 13:20:08,187 : INFO : test_mobility_policies_duplicate : Attempting to duplicate policy.
2023-06-02 13:20:08,412 : INFO : test_mobility_policies_active_change_mob : Opened top policy.
2023-06-02 13:20:09,619 : INFO : test_mobility_policies_active_change_mob : Selected mobility option 'parking'.
2023-06-02 13:20:09,810 : INFO : test_mobility_policies_active_change_mob : Selected mobility policy 'car sharing'.
2023-06-02 13:20:09,987 : INFO : test_mobility_policies_active_change_mob : Selected mobility option 'bike sharing'.
2023-06-02 13:20:09,992 : INFO : test_mobility_policies_duplicate : Succesfully duplicated mobility policy.
2023-06-02 13:20:10,359 : INFO : test_mobility_policies_duplicate : Named duplicate policy 'timestamp'.
2023-06-02 13:20:10,446 : INFO : test_mobility_policies_duplicate : Succesfully saved duplicate policy.
2023-06-02 13:20:11,130 : INFO : test_mobility_policies_active_change_mob : Succesfully verified that active policy has been updated.
2023-06-02 13:20:19,944 : INFO : test_mobility_policies_draft_link_users : daan.swinnen+autotest.admin@optimile.eu
2023-06-02 13:20:19,944 : INFO : test_mobility_policies_draft_link_users : Attempting login.
2023-06-02 13:20:22,077 : INFO : test_mobility_policies_draft_link_users : Succesfully logged in.
2023-06-02 13:20:22,078 : INFO : test_mobility_policies_draft_link_users : Navigating to mobility policies page.
2023-06-02 13:20:22,661 : INFO : test_mobility_policies_draft_link_users : Filtering for draft policies.
2023-06-02 13:20:24,206 : INFO : test_mobility_policies_draft_link_users : Opened top draft.
2023-06-02 13:21:34,860 : INFO : test_mobility_policies_create_draft : daan.swinnen+autotest.admin@optimile.eu
2023-06-02 13:21:34,860 : INFO : test_mobility_policies_create_draft : Attempting login.
2023-06-02 13:21:37,025 : INFO : test_mobility_policies_create_draft : Succesfully logged in.
2023-06-02 13:21:37,025 : INFO : test_mobility_policies_create_draft : Navigating to mobility policies page.
2023-06-02 13:21:37,566 : INFO : test_mobility_policies_create_draft : Attempting to create new mobility policy.
2023-06-02 13:21:38,191 : INFO : test_mobility_policies_create_draft : Set policy name as 'timestamp'.
2023-06-02 13:21:38,284 : INFO : test_mobility_policies_create_draft : Selected mobility policy type as 'professional'.
2023-06-02 13:21:38,381 : INFO : test_mobility_policies_create_draft : Selected second contract.
2023-06-02 13:21:38,458 : INFO : test_mobility_policies_create_draft : Set policy budget to '150'.
2023-06-02 13:21:39,089 : INFO : test_mobility_policies_create_draft : Set start date on 'today'.
2023-06-02 13:21:39,089 : INFO : test_mobility_policies_create_draft : Set end date as undefined.
2023-06-02 13:21:39,290 : INFO : test_mobility_policies_create_draft : Selected mobility option 'parking'.
2023-06-02 13:22:24,110 : INFO : test_mobility_policies_draft_link_users : daan.swinnen+autotest.admin@optimile.eu
2023-06-02 13:22:24,111 : INFO : test_mobility_policies_draft_link_users : Attempting login.
2023-06-02 13:22:26,681 : INFO : test_mobility_policies_draft_link_users : Succesfully logged in.
2023-06-02 13:22:26,681 : INFO : test_mobility_policies_draft_link_users : Navigating to mobility policies page.
2023-06-02 13:22:27,394 : INFO : test_mobility_policies_draft_link_users : Filtering for draft policies.
2023-06-02 13:22:28,978 : INFO : test_mobility_policies_draft_link_users : Opened top draft.
2023-06-02 13:28:38,077 : INFO : test_mobility_policies_draft_link_users : daan.swinnen+autotest.admin@optimile.eu
2023-06-02 13:28:38,078 : INFO : test_mobility_policies_draft_link_users : Attempting login.
2023-06-02 13:28:40,068 : INFO : test_mobility_policies_draft_link_users : Succesfully logged in.
2023-06-02 13:28:40,068 : INFO : test_mobility_policies_draft_link_users : Navigating to mobility policies page.
2023-06-02 13:28:40,896 : INFO : test_mobility_policies_draft_link_users : Filtering for draft policies.
2023-06-02 13:28:42,547 : INFO : test_mobility_policies_draft_link_users : Opened top draft.
2023-06-02 13:32:24,429 : INFO : test_mobility_policies_draft_link_users : daan.swinnen+autotest.admin@optimile.eu
2023-06-02 13:32:24,430 : INFO : test_mobility_policies_draft_link_users : Attempting login.
2023-06-02 13:32:26,826 : INFO : test_mobility_policies_draft_link_users : Succesfully logged in.
2023-06-02 13:32:26,826 : INFO : test_mobility_policies_draft_link_users : Navigating to mobility policies page.
2023-06-02 13:32:27,403 : INFO : test_mobility_policies_draft_link_users : Filtering for draft policies.
2023-06-02 13:32:28,986 : INFO : test_mobility_policies_draft_link_users : Opened top draft.
2023-06-02 13:33:41,952 : INFO : test_mobility_policies_draft_link_users : daan.swinnen+autotest.admin@optimile.eu
2023-06-02 13:33:41,952 : INFO : test_mobility_policies_draft_link_users : Attempting login.
2023-06-02 13:33:44,604 : INFO : test_mobility_policies_draft_link_users : Succesfully logged in.
2023-06-02 13:33:44,604 : INFO : test_mobility_policies_draft_link_users : Navigating to mobility policies page.
2023-06-02 13:33:45,386 : INFO : test_mobility_policies_draft_link_users : Filtering for draft policies.
2023-06-02 13:33:47,027 : INFO : test_mobility_policies_draft_link_users : Opened top draft.
2023-06-02 13:33:49,180 : INFO : test_mobility_policies_draft_link_users : Unlinked all users from draft policy.
2023-06-02 13:33:49,383 : INFO : test_mobility_policies_draft_link_users : Changed draft name to 'active test'.
2023-06-02 13:33:49,466 : INFO : test_mobility_policies_draft_link_users : Saved draft.
2023-06-02 13:39:06,116 : INFO : test_mobility_policies_draft_link_users : daan.swinnen+autotest.admin@optimile.eu
2023-06-02 13:39:06,116 : INFO : test_mobility_policies_draft_link_users : Attempting login.
2023-06-02 13:39:08,221 : INFO : test_mobility_policies_draft_link_users : Succesfully logged in.
2023-06-02 13:39:08,221 : INFO : test_mobility_policies_draft_link_users : Navigating to mobility policies page.
2023-06-02 13:39:08,922 : INFO : test_mobility_policies_draft_link_users : Filtering for draft policies.
2023-06-02 13:39:10,511 : INFO : test_mobility_policies_draft_link_users : Opened top draft.
2023-06-02 13:39:12,650 : INFO : test_mobility_policies_draft_link_users : Unlinked all users from draft policy.
2023-06-02 13:39:12,859 : INFO : test_mobility_policies_draft_link_users : Changed draft name to 'active test'.
2023-06-02 13:39:12,942 : INFO : test_mobility_policies_draft_link_users : Saved draft.
2023-06-02 13:39:14,343 : INFO : test_mobility_policies_draft_link_users : Searched for 'active draft' policy.
2023-06-02 13:39:14,632 : INFO : test_mobility_policies_draft_link_users : Opened 'active draft' policy.
2023-06-02 13:39:15,747 : INFO : test_mobility_policies_draft_link_users : Linked all users to draft.
2023-06-02 13:39:19,539 : INFO : test_mobility_policies_draft_link_users : Changed draft name to 'timestamp'.
2023-06-02 13:39:19,890 : INFO : test_mobility_policies_draft_link_users : Succesfully verified all users are linked and policy is activated.
2023-06-02 13:46:45,807 : INFO : test_mobility_policies_create_policy : daan.swinnen+autotest.admin@optimile.eu
2023-06-02 13:46:45,808 : INFO : test_mobility_policies_create_policy : Attempting login.
2023-06-02 13:46:48,351 : INFO : test_mobility_policies_create_policy : Succesfully logged in.
2023-06-02 13:46:48,351 : INFO : test_mobility_policies_create_policy : Navigating to mobility policies page.
2023-06-02 13:46:49,163 : INFO : test_mobility_policies_create_policy : Attempting to create new mobility policy.
2023-06-02 13:46:49,711 : INFO : test_mobility_policies_create_policy : Set policy name as 'timestamp'.
2023-06-02 13:46:49,787 : INFO : test_mobility_policies_create_policy : Selected mobility policy type as 'professional'.
2023-06-02 13:46:49,880 : INFO : test_mobility_policies_create_policy : Selected second contract.
2023-06-02 13:46:49,962 : INFO : test_mobility_policies_create_policy : Set policy budget to '150'.
2023-06-02 13:46:50,509 : INFO : test_mobility_policies_create_policy : Set start date on 'today'.
2023-06-02 13:46:50,509 : INFO : test_mobility_policies_create_policy : Set end date as undefined.
2023-06-02 13:46:50,659 : INFO : test_mobility_policies_create_policy : Selected mobility option 'parking'.
2023-06-02 13:46:50,765 : INFO : test_mobility_policies_create_policy : Linked all available users.
2023-06-02 13:46:52,912 : INFO : test_mobility_policies_create_policy : Activated mobility policy.
2023-06-02 14:03:01,363 : INFO : test_mobility_policies_create_policy : daan.swinnen+autotest.admin@optimile.eu
2023-06-02 14:03:01,364 : INFO : test_mobility_policies_create_policy : Attempting login.
2023-06-02 14:03:04,185 : INFO : test_mobility_policies_create_policy : Succesfully logged in.
2023-06-02 14:03:04,186 : INFO : test_mobility_policies_create_policy : Navigating to mobility policies page.
2023-06-02 14:03:04,797 : INFO : test_mobility_policies_create_policy : Attempting to create new mobility policy.
2023-06-02 14:03:05,339 : INFO : test_mobility_policies_create_policy : Set policy name as 'timestamp'.
2023-06-02 14:03:05,432 : INFO : test_mobility_policies_create_policy : Selected mobility policy type as 'professional'.
2023-06-02 14:03:05,520 : INFO : test_mobility_policies_create_policy : Selected second contract.
2023-06-02 14:03:05,599 : INFO : test_mobility_policies_create_policy : Set policy budget to '150'.
2023-06-02 14:07:11,317 : INFO : test_mobility_policies_create_policy : daan.swinnen+autotest.admin@optimile.eu
2023-06-02 14:07:11,317 : INFO : test_mobility_policies_create_policy : Attempting login.
2023-06-02 14:07:14,277 : INFO : test_mobility_policies_create_policy : Succesfully logged in.
2023-06-02 14:07:14,277 : INFO : test_mobility_policies_create_policy : Navigating to mobility policies page.
2023-06-02 14:07:15,025 : INFO : test_mobility_policies_create_policy : Attempting to create new mobility policy.
2023-06-02 14:07:15,910 : INFO : test_mobility_policies_create_policy : Set policy name as 'timestamp'.
2023-06-02 14:07:16,003 : INFO : test_mobility_policies_create_policy : Selected mobility policy type as 'professional'.
2023-06-02 14:07:16,079 : INFO : test_mobility_policies_create_policy : Selected second contract.
2023-06-02 14:07:16,154 : INFO : test_mobility_policies_create_policy : Set policy budget to '150'.
2023-06-02 14:07:17,695 : INFO : test_mobility_policies_create_policy : Set start date on 'today'.
2023-06-02 14:07:17,695 : INFO : test_mobility_policies_create_policy : Set end date as undefined.
2023-06-02 14:07:17,880 : INFO : test_mobility_policies_create_policy : Selected mobility option 'parking'.
2023-06-02 14:07:18,010 : INFO : test_mobility_policies_create_policy : Linked all available users.
2023-06-02 14:07:20,143 : INFO : test_mobility_policies_create_policy : Activated mobility policy.
2023-06-02 14:10:57,586 : INFO : test_mobility_policies_create_policy : daan.swinnen+autotest.admin@optimile.eu
2023-06-02 14:10:57,586 : INFO : test_mobility_policies_create_policy : Attempting login.
2023-06-02 14:10:59,777 : INFO : test_mobility_policies_create_policy : Succesfully logged in.
2023-06-02 14:10:59,777 : INFO : test_mobility_policies_create_policy : Navigating to mobility policies page.
2023-06-02 14:11:00,388 : INFO : test_mobility_policies_create_policy : Attempting to create new mobility policy.
2023-06-02 14:11:00,983 : INFO : test_mobility_policies_create_policy : Set policy name as 'timestamp'.
2023-06-02 14:11:01,063 : INFO : test_mobility_policies_create_policy : Selected mobility policy type as 'professional'.
2023-06-02 14:11:01,140 : INFO : test_mobility_policies_create_policy : Selected second contract.
2023-06-02 14:11:01,230 : INFO : test_mobility_policies_create_policy : Set policy budget to '150'.
2023-06-02 14:11:02,779 : INFO : test_mobility_policies_create_policy : Set start date on 'today'.
2023-06-02 14:11:02,779 : INFO : test_mobility_policies_create_policy : Set end date as undefined.
2023-06-02 14:11:02,933 : INFO : test_mobility_policies_create_policy : Selected mobility option 'parking'.
2023-06-02 14:11:03,042 : INFO : test_mobility_policies_create_policy : Linked all available users.
2023-06-02 14:11:05,168 : INFO : test_mobility_policies_create_policy : Activated mobility policy.
2023-06-02 14:12:13,354 : INFO : test_mobility_policies_create_policy : daan.swinnen+autotest.admin@optimile.eu
2023-06-02 14:12:13,354 : INFO : test_mobility_policies_create_policy : Attempting login.
2023-06-02 14:12:16,042 : INFO : test_mobility_policies_create_policy : Succesfully logged in.
2023-06-02 14:12:16,042 : INFO : test_mobility_policies_create_policy : Navigating to mobility policies page.
2023-06-02 14:12:16,698 : INFO : test_mobility_policies_create_policy : Attempting to create new mobility policy.
2023-06-02 14:12:17,254 : INFO : test_mobility_policies_create_policy : Set policy name as 'timestamp'.
2023-06-02 14:12:17,329 : INFO : test_mobility_policies_create_policy : Selected mobility policy type as 'professional'.
2023-06-02 14:12:17,416 : INFO : test_mobility_policies_create_policy : Selected second contract.
2023-06-02 14:12:17,505 : INFO : test_mobility_policies_create_policy : Set policy budget to '150'.
2023-06-02 14:12:19,043 : INFO : test_mobility_policies_create_policy : Set start date on 'today'.
2023-06-02 14:12:19,043 : INFO : test_mobility_policies_create_policy : Set end date as undefined.
2023-06-02 14:12:19,191 : INFO : test_mobility_policies_create_policy : Selected mobility option 'parking'.
2023-06-02 14:12:19,294 : INFO : test_mobility_policies_create_policy : Linked all available users.
2023-06-02 14:12:21,438 : INFO : test_mobility_policies_create_policy : Activated mobility policy.
2023-06-02 14:39:18,788 : INFO : test_mobility_policies_create_policy : daan.swinnen+autotest.admin@optimile.eu
2023-06-02 14:39:18,788 : INFO : test_mobility_policies_create_policy : Attempting login.
2023-06-02 14:39:20,994 : INFO : test_mobility_policies_create_policy : Succesfully logged in.
2023-06-02 14:39:20,994 : INFO : test_mobility_policies_create_policy : Navigating to mobility policies page.
2023-06-02 14:39:21,554 : INFO : test_mobility_policies_create_policy : Attempting to create new mobility policy.
2023-06-02 14:39:22,128 : INFO : test_mobility_policies_create_policy : Set policy name as 'timestamp'.
2023-06-02 14:39:22,210 : INFO : test_mobility_policies_create_policy : Selected mobility policy type as 'professional'.
2023-06-02 14:39:22,291 : INFO : test_mobility_policies_create_policy : Selected second contract.
2023-06-02 14:39:22,381 : INFO : test_mobility_policies_create_policy : Set policy budget to '150'.
2023-06-02 14:39:24,370 : INFO : test_mobility_policies_create_policy : Set start date on 'today'.
2023-06-02 14:39:24,370 : INFO : test_mobility_policies_create_policy : Set end date as undefined.
2023-06-02 14:39:24,531 : INFO : test_mobility_policies_create_policy : Selected mobility option 'parking'.
2023-06-02 14:39:24,638 : INFO : test_mobility_policies_create_policy : Linked all available users.
2023-06-02 14:39:26,776 : INFO : test_mobility_policies_create_policy : Activated mobility policy.
2023-06-02 14:50:56,004 : INFO : test_mobility_policies_create_draft : daan.swinnen+autotest.admin@optimile.eu
2023-06-02 14:50:56,005 : INFO : test_mobility_policies_create_draft : Attempting login.
2023-06-02 14:50:59,212 : INFO : test_mobility_policies_create_draft : Succesfully logged in.
2023-06-02 14:50:59,212 : INFO : test_mobility_policies_create_draft : Navigating to mobility policies page.
2023-06-02 14:51:00,546 : INFO : test_mobility_policies_create_draft : Attempting to create new mobility policy.
2023-06-02 14:51:02,087 : INFO : test_mobility_policies_create_draft : Set policy name as 'timestamp'.
2023-06-02 14:51:02,232 : INFO : test_mobility_policies_create_draft : Selected mobility policy type as 'professional'.
2023-06-02 14:51:02,530 : INFO : test_mobility_policies_create_draft : Selected second contract.
2023-06-02 14:51:02,773 : INFO : test_mobility_policies_create_draft : Set policy budget to '150'.
2023-06-02 14:51:19,580 : INFO : test_mobility_policies_create_draft : daan.swinnen+autotest.admin@optimile.eu
2023-06-02 14:51:19,582 : INFO : test_mobility_policies_create_draft : Attempting login.
2023-06-02 14:51:22,667 : INFO : test_mobility_policies_create_draft : Succesfully logged in.
2023-06-02 14:51:22,667 : INFO : test_mobility_policies_create_draft : Navigating to mobility policies page.
2023-06-02 14:51:23,857 : INFO : test_mobility_policies_create_draft : Attempting to create new mobility policy.
2023-06-02 14:51:25,067 : INFO : test_mobility_policies_create_draft : Set policy name as 'timestamp'.
2023-06-02 14:51:25,264 : INFO : test_mobility_policies_create_draft : Selected mobility policy type as 'professional'.
2023-06-02 14:51:25,571 : INFO : test_mobility_policies_create_draft : Selected second contract.
2023-06-02 14:51:25,830 : INFO : test_mobility_policies_create_draft : Set policy budget to '150'.
2023-06-02 14:51:28,643 : INFO : test_mobility_policies_create_draft : Set start date on 'today'.
2023-06-02 14:51:28,643 : INFO : test_mobility_policies_create_draft : Set end date as undefined.
2023-06-02 14:51:28,922 : INFO : test_mobility_policies_create_draft : Selected mobility option 'parking'.
2023-06-02 14:51:54,295 : INFO : test_mobility_policies_create_draft : daan.swinnen+autotest.admin@optimile.eu
2023-06-02 14:51:54,296 : INFO : test_mobility_policies_create_draft : Attempting login.
2023-06-02 14:51:57,135 : INFO : test_mobility_policies_create_draft : Succesfully logged in.
2023-06-02 14:51:57,135 : INFO : test_mobility_policies_create_draft : Navigating to mobility policies page.
2023-06-02 14:51:58,334 : INFO : test_mobility_policies_create_draft : Attempting to create new mobility policy.
2023-06-02 14:51:59,399 : INFO : test_mobility_policies_create_draft : Set policy name as 'timestamp'.
2023-06-02 14:51:59,593 : INFO : test_mobility_policies_create_draft : Selected mobility policy type as 'professional'.
2023-06-02 14:51:59,831 : INFO : test_mobility_policies_create_draft : Selected second contract.
2023-06-02 14:52:00,082 : INFO : test_mobility_policies_create_draft : Set policy budget to '150'.
2023-06-02 14:52:03,712 : INFO : test_mobility_policies_create_draft : Set start date on 'today'.
2023-06-02 14:52:03,712 : INFO : test_mobility_policies_create_draft : Set end date as undefined.
2023-06-02 14:52:03,985 : INFO : test_mobility_policies_create_draft : Selected mobility option 'parking'.
2023-06-02 14:54:50,429 : INFO : test_tags_create_delete_basic : daan.swinnen+autotest.admin@optimile.eu
2023-06-02 14:54:50,429 : INFO : test_tags_create_delete_basic : Attempting login.
2023-06-02 14:54:53,162 : INFO : test_tags_create_delete_basic : Succesfully logged in.
2023-06-02 14:54:53,163 : INFO : test_tags_create_delete_basic : Navigating to profiles page.
2023-06-02 14:59:22,869 : INFO : test_tags_create_delete_basic : daan.swinnen+autotest.admin@optimile.eu
2023-06-02 14:59:22,869 : INFO : test_tags_create_delete_basic : Attempting login.
2023-06-02 14:59:25,652 : INFO : test_tags_create_delete_basic : Succesfully logged in.
2023-06-02 14:59:25,652 : INFO : test_tags_create_delete_basic : Navigating to profiles page.
2023-06-02 14:59:25,652 : INFO : test_tags_create_delete_basic : Attempting to create new tag.
2023-06-02 15:00:23,059 : INFO : test_tags_create_delete_basic : daan.swinnen+autotest.admin@optimile.eu
2023-06-02 15:00:23,059 : INFO : test_tags_create_delete_basic : Attempting login.
2023-06-02 15:00:25,804 : INFO : test_tags_create_delete_basic : Succesfully logged in.
2023-06-02 15:00:25,804 : INFO : test_tags_create_delete_basic : Navigating to profiles page.
2023-06-02 15:00:25,805 : INFO : test_tags_create_delete_basic : Attempting to create new tag.
2023-06-02 15:00:52,507 : INFO : test_tags_create_delete_basic : daan.swinnen+autotest.admin@optimile.eu
2023-06-02 15:00:52,508 : INFO : test_tags_create_delete_basic : Attempting login.
2023-06-02 15:00:55,234 : INFO : test_tags_create_delete_basic : Succesfully logged in.
2023-06-02 15:00:55,234 : INFO : test_tags_create_delete_basic : Navigating to profiles page.
2023-06-02 15:00:56,299 : INFO : test_tags_create_delete_basic : Attempting to create new tag.
2023-06-02 15:02:12,944 : INFO : test_tags_create_delete_basic : daan.swinnen+autotest.admin@optimile.eu
2023-06-02 15:02:12,945 : INFO : test_tags_create_delete_basic : Attempting login.
2023-06-02 15:02:16,031 : INFO : test_tags_create_delete_basic : Succesfully logged in.
2023-06-02 15:02:16,031 : INFO : test_tags_create_delete_basic : Navigating to profiles page.
2023-06-02 15:02:17,145 : INFO : test_tags_create_delete_basic : Attempting to create new tag.
2023-06-02 15:03:29,305 : INFO : test_tags_create_delete_basic : daan.swinnen+autotest.admin@optimile.eu
2023-06-02 15:03:29,306 : INFO : test_tags_create_delete_basic : Attempting login.
2023-06-02 15:03:31,979 : INFO : test_tags_create_delete_basic : Succesfully logged in.
2023-06-02 15:03:31,979 : INFO : test_tags_create_delete_basic : Navigating to profiles page.
2023-06-02 15:03:32,988 : INFO : test_tags_create_delete_basic : Attempting to create new tag.
2023-06-02 15:03:34,126 : INFO : test_tags_create_delete_basic : Set tag name as 'timestamp'.
2023-06-02 15:03:34,417 : INFO : test_tags_create_delete_basic : Linked all available users.
2023-06-02 15:03:34,597 : INFO : test_tags_create_delete_basic : Saved new tag.
2023-06-02 15:03:36,144 : INFO : test_tags_create_delete_basic : Deleted new tag.
2023-06-02 15:04:02,594 : INFO : test_tags_create_delete_expanded : daan.swinnen+autotest.admin@optimile.eu
2023-06-02 15:04:02,595 : INFO : test_tags_create_delete_expanded : Attempting login.
2023-06-02 15:04:06,096 : INFO : test_tags_create_delete_expanded : Succesfully logged in.
2023-06-02 15:04:06,843 : INFO : test_tags_create_delete_expanded : Attempting to create new tag.
2023-06-02 15:04:07,915 : INFO : test_tags_create_delete_expanded : Set tag name as 'timestamp'.
2023-06-02 15:04:08,057 : INFO : test_tags_create_delete_expanded : Set new tag color.
2023-06-02 15:04:09,382 : INFO : test_tags_create_delete_expanded : Link all available users.
2023-06-02 15:04:09,539 : INFO : test_tags_create_delete_expanded : Saved new tag.
2023-06-02 15:05:43,516 : INFO : test_tags_create_delete_expanded : daan.swinnen+autotest.admin@optimile.eu
2023-06-02 15:05:43,516 : INFO : test_tags_create_delete_expanded : Attempting login.
2023-06-02 15:05:46,462 : INFO : test_tags_create_delete_expanded : Succesfully logged in.
2023-06-02 15:05:47,186 : INFO : test_tags_create_delete_expanded : Attempting to create new tag.
2023-06-02 15:05:48,383 : INFO : test_tags_create_delete_expanded : Set tag name as 'timestamp'.
2023-06-02 15:05:48,508 : INFO : test_tags_create_delete_expanded : Set new tag color.
2023-06-02 15:05:49,839 : INFO : test_tags_create_delete_expanded : Link all available users.
2023-06-02 15:05:50,056 : INFO : test_tags_create_delete_expanded : Saved new tag.
2023-06-02 15:05:52,875 : INFO : test_tags_create_delete_expanded : Succesfully verified badge color is correct.
2023-06-02 15:05:53,398 : INFO : test_tags_create_delete_expanded : Succesfully verified tagname.
2023-06-02 15:14:13,153 : INFO : test_tags_create_delete_expanded : daan.swinnen+autotest.admin@optimile.eu
2023-06-02 15:14:13,154 : INFO : test_tags_create_delete_expanded : Attempting login.
2023-06-02 15:14:15,949 : INFO : test_tags_create_delete_expanded : Succesfully logged in.
2023-06-02 15:14:16,711 : INFO : test_tags_create_delete_expanded : Attempting to create new tag.
2023-06-02 15:14:17,753 : INFO : test_tags_create_delete_expanded : Set tag name as 'timestamp'.
2023-06-02 15:14:17,896 : INFO : test_tags_create_delete_expanded : Set new tag color.
2023-06-02 15:14:19,215 : INFO : test_tags_create_delete_expanded : Link all available users.
2023-06-02 15:14:19,355 : INFO : test_tags_create_delete_expanded : Saved new tag.
2023-06-02 15:14:22,281 : INFO : test_tags_create_delete_expanded : Succesfully verified badge color is correct.
2023-06-02 15:14:22,536 : INFO : test_tags_create_delete_expanded : Succesfully verified tagname.
2023-06-02 15:14:28,849 : INFO : test_tags_create_delete_expanded : Attempting to edit tag.
2023-06-02 15:15:12,474 : INFO : test_tags_create_delete_expanded : daan.swinnen+autotest.admin@optimile.eu
2023-06-02 15:15:12,475 : INFO : test_tags_create_delete_expanded : Attempting login.
2023-06-02 15:15:15,962 : INFO : test_tags_create_delete_expanded : Succesfully logged in.
2023-06-02 15:15:16,905 : INFO : test_tags_create_delete_expanded : Attempting to create new tag.
2023-06-02 15:15:17,810 : INFO : test_tags_create_delete_expanded : Set tag name as 'timestamp'.
2023-06-02 15:15:18,051 : INFO : test_tags_create_delete_expanded : Set new tag color.
2023-06-02 15:15:19,465 : INFO : test_tags_create_delete_expanded : Link all available users.
2023-06-02 15:15:19,670 : INFO : test_tags_create_delete_expanded : Saved new tag.
2023-06-02 15:15:22,781 : INFO : test_tags_create_delete_expanded : Succesfully verified badge color is correct.
2023-06-02 15:15:23,259 : INFO : test_tags_create_delete_expanded : Succesfully verified tagname.
2023-06-02 15:15:25,090 : INFO : test_tags_create_delete_expanded : Attempting to edit tag.
2023-06-02 15:16:43,983 : INFO : test_tags_create_delete_expanded : daan.swinnen+autotest.admin@optimile.eu
2023-06-02 15:16:43,984 : INFO : test_tags_create_delete_expanded : Attempting login.
2023-06-02 15:16:47,082 : INFO : test_tags_create_delete_expanded : Succesfully logged in.
2023-06-02 15:16:47,819 : INFO : test_tags_create_delete_expanded : Attempting to create new tag.
2023-06-02 15:16:48,810 : INFO : test_tags_create_delete_expanded : Set tag name as 'timestamp'.
2023-06-02 15:16:48,954 : INFO : test_tags_create_delete_expanded : Set new tag color.
2023-06-02 15:16:50,308 : INFO : test_tags_create_delete_expanded : Link all available users.
2023-06-02 15:16:50,507 : INFO : test_tags_create_delete_expanded : Saved new tag.
2023-06-02 15:16:53,342 : INFO : test_tags_create_delete_expanded : Succesfully verified badge color is correct.
2023-06-02 15:16:53,598 : INFO : test_tags_create_delete_expanded : Succesfully verified tagname.
2023-06-02 15:16:55,246 : INFO : test_tags_create_delete_expanded : Attempting to edit tag.
2023-06-02 15:16:57,301 : INFO : test_tags_create_delete_expanded : Edit tagname.
2023-06-02 15:16:57,677 : INFO : test_tags_create_delete_expanded : Unlinked all users.
2023-06-02 15:16:57,860 : INFO : test_tags_create_delete_expanded : Saved edited tag.
2023-06-02 15:16:58,910 : INFO : test_tags_create_delete_expanded : Succesfully verified edited name.
2023-06-02 15:16:58,959 : INFO : test_tags_create_delete_expanded : Succesfully verified number of linked users.
2023-06-02 15:16:59,535 : INFO : test_tags_create_delete_expanded : Delete test tag.
